<?xml version="1.0" encoding="UTF-8"?>
<coverage generated="1603218651394" clover="3.2.0">
  <project timestamp="1603218651395" name="All files">
    <metrics statements="63" coveredstatements="63" conditionals="15" coveredconditionals="15" methods="9" coveredmethods="9" elements="87" coveredelements="87" complexity="0" loc="63" ncloc="63" packages="1" files="2" classes="2"/>
    <file name="kthFromEnd-ll.js" path="/Users/ceo/Desktop/projects/DataStructures/linkedList/kthFromEnd-ll.js">
      <metrics statements="14" coveredstatements="14" conditionals="5" coveredconditionals="5" methods="1" coveredmethods="1"/>
      <line num="3" count="1" type="stmt"/>
      <line num="4" count="8" type="stmt"/>
      <line num="5" count="8" type="stmt"/>
      <line num="7" count="8" type="stmt"/>
      <line num="8" count="38" type="stmt"/>
      <line num="9" count="38" type="stmt"/>
      <line num="12" count="8" type="stmt"/>
      <line num="14" count="8" type="cond" truecount="5" falsecount="0"/>
      <line num="15" count="4" type="stmt"/>
      <line num="19" count="4" type="stmt"/>
      <line num="20" count="4" type="stmt"/>
      <line num="21" count="7" type="stmt"/>
      <line num="24" count="4" type="stmt"/>
      <line num="28" count="1" type="stmt"/>
    </file>
    <file name="linked-list.js" path="/Users/ceo/Desktop/projects/DataStructures/linkedList/linked-list.js">
      <metrics statements="49" coveredstatements="49" conditionals="10" coveredconditionals="10" methods="8" coveredmethods="8"/>
      <line num="6" count="41" type="stmt"/>
      <line num="7" count="41" type="stmt"/>
      <line num="15" count="14" type="stmt"/>
      <line num="20" count="33" type="stmt"/>
      <line num="26" count="4" type="stmt"/>
      <line num="28" count="4" type="cond" truecount="2" falsecount="0"/>
      <line num="29" count="1" type="stmt"/>
      <line num="30" count="1" type="stmt"/>
      <line num="33" count="3" type="stmt"/>
      <line num="35" count="3" type="stmt"/>
      <line num="36" count="10" type="stmt"/>
      <line num="39" count="3" type="stmt"/>
      <line num="46" count="2" type="stmt"/>
      <line num="47" count="2" type="stmt"/>
      <line num="49" count="2" type="cond" truecount="2" falsecount="0"/>
      <line num="50" count="1" type="stmt"/>
      <line num="51" count="1" type="stmt"/>
      <line num="53" count="1" type="stmt"/>
      <line num="56" count="1" type="stmt"/>
      <line num="58" count="2" type="cond" truecount="2" falsecount="0"/>
      <line num="59" count="1" type="stmt"/>
      <line num="60" count="1" type="stmt"/>
      <line num="61" count="1" type="stmt"/>
      <line num="64" count="1" type="stmt"/>
      <line num="71" count="2" type="stmt"/>
      <line num="72" count="2" type="stmt"/>
      <line num="74" count="2" type="stmt"/>
      <line num="75" count="5" type="cond" truecount="2" falsecount="0"/>
      <line num="77" count="2" type="stmt"/>
      <line num="79" count="2" type="stmt"/>
      <line num="81" count="2" type="stmt"/>
      <line num="83" count="3" type="stmt"/>
      <line num="90" count="3" type="stmt"/>
      <line num="92" count="3" type="stmt"/>
      <line num="93" count="5" type="cond" truecount="2" falsecount="0"/>
      <line num="94" count="2" type="stmt"/>
      <line num="96" count="3" type="stmt"/>
      <line num="99" count="1" type="stmt"/>
      <line num="106" count="5" type="stmt"/>
      <line num="107" count="5" type="stmt"/>
      <line num="109" count="5" type="stmt"/>
      <line num="111" count="23" type="stmt"/>
      <line num="112" count="23" type="stmt"/>
      <line num="116" count="5" type="stmt"/>
      <line num="118" count="5" type="stmt"/>
      <line num="119" count="23" type="stmt"/>
      <line num="122" count="5" type="stmt"/>
      <line num="123" count="5" type="stmt"/>
      <line num="128" count="2" type="stmt"/>
    </file>
  </project>
</coverage>
