{"/Users/ceo/Desktop/projects/DataStructures/linkedList/kthFromEnd-ll.js": {"path":"/Users/ceo/Desktop/projects/DataStructures/linkedList/kthFromEnd-ll.js","statementMap":{"0":{"start":{"line":3,"column":19},"end":{"line":26,"column":1}},"1":{"start":{"line":4,"column":20},"end":{"line":4,"column":29}},"2":{"start":{"line":5,"column":15},"end":{"line":5,"column":16}},"3":{"start":{"line":7,"column":2},"end":{"line":10,"column":3}},"4":{"start":{"line":8,"column":4},"end":{"line":8,"column":13}},"5":{"start":{"line":9,"column":4},"end":{"line":9,"column":35}},"6":{"start":{"line":12,"column":17},"end":{"line":12,"column":27}},"7":{"start":{"line":14,"column":2},"end":{"line":16,"column":3}},"8":{"start":{"line":15,"column":4},"end":{"line":15,"column":23}},"9":{"start":{"line":19,"column":16},"end":{"line":19,"column":25}},"10":{"start":{"line":20,"column":2},"end":{"line":22,"column":3}},"11":{"start":{"line":20,"column":15},"end":{"line":20,"column":16}},"12":{"start":{"line":21,"column":4},"end":{"line":21,"column":27}},"13":{"start":{"line":24,"column":2},"end":{"line":24,"column":23}},"14":{"start":{"line":28,"column":0},"end":{"line":28,"column":28}}},"fnMap":{"0":{"name":"(anonymous_0)","decl":{"start":{"line":3,"column":19},"end":{"line":3,"column":20}},"loc":{"start":{"line":3,"column":32},"end":{"line":26,"column":1}},"line":3}},"branchMap":{"0":{"loc":{"start":{"line":14,"column":2},"end":{"line":16,"column":3}},"type":"if","locations":[{"start":{"line":14,"column":2},"end":{"line":16,"column":3}},{"start":{"line":14,"column":2},"end":{"line":16,"column":3}}],"line":14},"1":{"loc":{"start":{"line":14,"column":6},"end":{"line":14,"column":44}},"type":"binary-expr","locations":[{"start":{"line":14,"column":6},"end":{"line":14,"column":17}},{"start":{"line":14,"column":21},"end":{"line":14,"column":26}},{"start":{"line":14,"column":30},"end":{"line":14,"column":44}}],"line":14}},"s":{"0":1,"1":8,"2":8,"3":8,"4":38,"5":38,"6":8,"7":8,"8":4,"9":4,"10":4,"11":4,"12":7,"13":4,"14":1},"f":{"0":8},"b":{"0":[4,4],"1":[8,5,4]},"_coverageSchema":"1a1c01bbd47fc00a2c39e90264f33305004495a9","hash":"c34dc3b8cb0a3156dba347f4211f0a42c98d6c1f"}
,"/Users/ceo/Desktop/projects/DataStructures/linkedList/linked-list.js": {"path":"/Users/ceo/Desktop/projects/DataStructures/linkedList/linked-list.js","statementMap":{"0":{"start":{"line":6,"column":4},"end":{"line":6,"column":23}},"1":{"start":{"line":7,"column":4},"end":{"line":7,"column":21}},"2":{"start":{"line":15,"column":4},"end":{"line":15,"column":21}},"3":{"start":{"line":20,"column":4},"end":{"line":20,"column":43}},"4":{"start":{"line":26,"column":20},"end":{"line":26,"column":35}},"5":{"start":{"line":28,"column":4},"end":{"line":31,"column":5}},"6":{"start":{"line":29,"column":6},"end":{"line":29,"column":26}},"7":{"start":{"line":30,"column":6},"end":{"line":30,"column":13}},"8":{"start":{"line":33,"column":22},"end":{"line":33,"column":31}},"9":{"start":{"line":35,"column":4},"end":{"line":37,"column":5}},"10":{"start":{"line":36,"column":6},"end":{"line":36,"column":37}},"11":{"start":{"line":39,"column":4},"end":{"line":39,"column":31}},"12":{"start":{"line":46,"column":22},"end":{"line":46,"column":31}},"13":{"start":{"line":47,"column":18},"end":{"line":47,"column":40}},"14":{"start":{"line":49,"column":4},"end":{"line":54,"column":5}},"15":{"start":{"line":50,"column":6},"end":{"line":50,"column":33}},"16":{"start":{"line":51,"column":6},"end":{"line":51,"column":26}},"17":{"start":{"line":53,"column":6},"end":{"line":53,"column":13}},"18":{"start":{"line":56,"column":4},"end":{"line":65,"column":5}},"19":{"start":{"line":58,"column":6},"end":{"line":62,"column":7}},"20":{"start":{"line":59,"column":8},"end":{"line":59,"column":40}},"21":{"start":{"line":60,"column":8},"end":{"line":60,"column":35}},"22":{"start":{"line":61,"column":8},"end":{"line":61,"column":14}},"23":{"start":{"line":64,"column":6},"end":{"line":64,"column":37}},"24":{"start":{"line":71,"column":22},"end":{"line":71,"column":31}},"25":{"start":{"line":72,"column":18},"end":{"line":72,"column":40}},"26":{"start":{"line":74,"column":4},"end":{"line":84,"column":5}},"27":{"start":{"line":75,"column":6},"end":{"line":82,"column":7}},"28":{"start":{"line":77,"column":8},"end":{"line":77,"column":40}},"29":{"start":{"line":79,"column":8},"end":{"line":79,"column":35}},"30":{"start":{"line":81,"column":8},"end":{"line":81,"column":14}},"31":{"start":{"line":83,"column":6},"end":{"line":83,"column":37}},"32":{"start":{"line":90,"column":22},"end":{"line":90,"column":31}},"33":{"start":{"line":92,"column":4},"end":{"line":97,"column":5}},"34":{"start":{"line":93,"column":6},"end":{"line":95,"column":7}},"35":{"start":{"line":94,"column":8},"end":{"line":94,"column":20}},"36":{"start":{"line":96,"column":6},"end":{"line":96,"column":37}},"37":{"start":{"line":99,"column":4},"end":{"line":99,"column":17}},"38":{"start":{"line":106,"column":17},"end":{"line":106,"column":19}},"39":{"start":{"line":107,"column":22},"end":{"line":107,"column":31}},"40":{"start":{"line":109,"column":4},"end":{"line":114,"column":5}},"41":{"start":{"line":111,"column":6},"end":{"line":111,"column":37}},"42":{"start":{"line":112,"column":6},"end":{"line":112,"column":37}},"43":{"start":{"line":116,"column":17},"end":{"line":116,"column":19}},"44":{"start":{"line":118,"column":4},"end":{"line":120,"column":5}},"45":{"start":{"line":118,"column":17},"end":{"line":118,"column":18}},"46":{"start":{"line":119,"column":6},"end":{"line":119,"column":37}},"47":{"start":{"line":122,"column":21},"end":{"line":122,"column":36}},"48":{"start":{"line":123,"column":4},"end":{"line":123,"column":21}},"49":{"start":{"line":128,"column":0},"end":{"line":128,"column":38}}},"fnMap":{"0":{"name":"(anonymous_0)","decl":{"start":{"line":5,"column":2},"end":{"line":5,"column":3}},"loc":{"start":{"line":5,"column":27},"end":{"line":8,"column":3}},"line":5},"1":{"name":"(anonymous_1)","decl":{"start":{"line":14,"column":2},"end":{"line":14,"column":3}},"loc":{"start":{"line":14,"column":16},"end":{"line":16,"column":3}},"line":14},"2":{"name":"(anonymous_2)","decl":{"start":{"line":19,"column":2},"end":{"line":19,"column":3}},"loc":{"start":{"line":19,"column":16},"end":{"line":21,"column":3}},"line":19},"3":{"name":"(anonymous_3)","decl":{"start":{"line":24,"column":2},"end":{"line":24,"column":3}},"loc":{"start":{"line":24,"column":16},"end":{"line":41,"column":3}},"line":24},"4":{"name":"(anonymous_4)","decl":{"start":{"line":45,"column":2},"end":{"line":45,"column":3}},"loc":{"start":{"line":45,"column":28},"end":{"line":66,"column":3}},"line":45},"5":{"name":"(anonymous_5)","decl":{"start":{"line":70,"column":2},"end":{"line":70,"column":3}},"loc":{"start":{"line":70,"column":27},"end":{"line":85,"column":3}},"line":70},"6":{"name":"(anonymous_6)","decl":{"start":{"line":89,"column":2},"end":{"line":89,"column":3}},"loc":{"start":{"line":89,"column":18},"end":{"line":101,"column":3}},"line":89},"7":{"name":"(anonymous_7)","decl":{"start":{"line":105,"column":2},"end":{"line":105,"column":3}},"loc":{"start":{"line":105,"column":13},"end":{"line":124,"column":3}},"line":105}},"branchMap":{"0":{"loc":{"start":{"line":28,"column":4},"end":{"line":31,"column":5}},"type":"if","locations":[{"start":{"line":28,"column":4},"end":{"line":31,"column":5}},{"start":{"line":28,"column":4},"end":{"line":31,"column":5}}],"line":28},"1":{"loc":{"start":{"line":49,"column":4},"end":{"line":54,"column":5}},"type":"if","locations":[{"start":{"line":49,"column":4},"end":{"line":54,"column":5}},{"start":{"line":49,"column":4},"end":{"line":54,"column":5}}],"line":49},"2":{"loc":{"start":{"line":58,"column":6},"end":{"line":62,"column":7}},"type":"if","locations":[{"start":{"line":58,"column":6},"end":{"line":62,"column":7}},{"start":{"line":58,"column":6},"end":{"line":62,"column":7}}],"line":58},"3":{"loc":{"start":{"line":75,"column":6},"end":{"line":82,"column":7}},"type":"if","locations":[{"start":{"line":75,"column":6},"end":{"line":82,"column":7}},{"start":{"line":75,"column":6},"end":{"line":82,"column":7}}],"line":75},"4":{"loc":{"start":{"line":93,"column":6},"end":{"line":95,"column":7}},"type":"if","locations":[{"start":{"line":93,"column":6},"end":{"line":95,"column":7}},{"start":{"line":93,"column":6},"end":{"line":95,"column":7}}],"line":93}},"s":{"0":41,"1":41,"2":14,"3":33,"4":4,"5":4,"6":1,"7":1,"8":3,"9":3,"10":10,"11":3,"12":2,"13":2,"14":2,"15":1,"16":1,"17":1,"18":1,"19":2,"20":1,"21":1,"22":1,"23":1,"24":2,"25":2,"26":2,"27":5,"28":2,"29":2,"30":2,"31":3,"32":3,"33":3,"34":5,"35":2,"36":3,"37":1,"38":5,"39":5,"40":5,"41":23,"42":23,"43":5,"44":5,"45":5,"46":23,"47":5,"48":5,"49":2},"f":{"0":41,"1":14,"2":33,"3":4,"4":2,"5":2,"6":3,"7":5},"b":{"0":[1,3],"1":[1,1],"2":[1,1],"3":[2,3],"4":[2,3]},"_coverageSchema":"1a1c01bbd47fc00a2c39e90264f33305004495a9","hash":"ad697b4ca086e122ebff04e7687f0b3f5110fb9d"}
}
