TN:
SF:linkedList/kthFromEnd-ll.js
FN:3,(anonymous_0)
FNF:1
FNH:1
FNDA:8,(anonymous_0)
DA:3,1
DA:4,8
DA:5,8
DA:7,8
DA:8,38
DA:9,38
DA:12,8
DA:14,8
DA:15,4
DA:19,4
DA:20,4
DA:21,7
DA:24,4
DA:28,1
LF:14
LH:14
BRDA:14,0,0,4
BRDA:14,0,1,4
BRDA:14,1,0,8
BRDA:14,1,1,5
BRDA:14,1,2,4
BRF:5
BRH:5
end_of_record
TN:
SF:linkedList/linked-list.js
FN:5,(anonymous_0)
FN:14,(anonymous_1)
FN:19,(anonymous_2)
FN:24,(anonymous_3)
FN:45,(anonymous_4)
FN:70,(anonymous_5)
FN:89,(anonymous_6)
FN:105,(anonymous_7)
FNF:8
FNH:8
FNDA:41,(anonymous_0)
FNDA:14,(anonymous_1)
FNDA:33,(anonymous_2)
FNDA:4,(anonymous_3)
FNDA:2,(anonymous_4)
FNDA:2,(anonymous_5)
FNDA:3,(anonymous_6)
FNDA:5,(anonymous_7)
DA:6,41
DA:7,41
DA:15,14
DA:20,33
DA:26,4
DA:28,4
DA:29,1
DA:30,1
DA:33,3
DA:35,3
DA:36,10
DA:39,3
DA:46,2
DA:47,2
DA:49,2
DA:50,1
DA:51,1
DA:53,1
DA:56,1
DA:58,2
DA:59,1
DA:60,1
DA:61,1
DA:64,1
DA:71,2
DA:72,2
DA:74,2
DA:75,5
DA:77,2
DA:79,2
DA:81,2
DA:83,3
DA:90,3
DA:92,3
DA:93,5
DA:94,2
DA:96,3
DA:99,1
DA:106,5
DA:107,5
DA:109,5
DA:111,23
DA:112,23
DA:116,5
DA:118,5
DA:119,23
DA:122,5
DA:123,5
DA:128,2
LF:49
LH:49
BRDA:28,0,0,1
BRDA:28,0,1,3
BRDA:49,1,0,1
BRDA:49,1,1,1
BRDA:58,2,0,1
BRDA:58,2,1,1
BRDA:75,3,0,2
BRDA:75,3,1,3
BRDA:93,4,0,2
BRDA:93,4,1,3
BRF:10
BRH:10
end_of_record
